<?xml version="1.0" encoding="UTF-8"?>
<!-- Generated by org.testng.reporters.JUnitReportReporter -->
<testsuite hostname="RamG-PC" failures="0" tests="1" name="unicorn_TestCases.TC_Dashborad" time="0.264" errors="0" timestamp="03 Aug 2018 07:13:13 GMT" skipped="0">
  <testcase classname="unicorn_TestCases.TC_Dashborad" name="loginTestcase" time="0.264"/>
</testsuite> <!-- unicorn_TestCases.TC_Dashborad -->
